<?xml version="1.0" encoding="UTF-8"?>
<testsuite xmlns:xsi="http://www.w3.org/2001/XMLSchema-instance" xsi:noNamespaceSchemaLocation="https://maven.apache.org/surefire/maven-surefire-plugin/xsd/surefire-test-report.xsd" version="3.0.2" name="be.pxl.TestTask3" time="36.059" tests="1" errors="0" skipped="0" failures="1">
  <properties>
    <property name="java.specification.version" value="21"/>
    <property name="sun.cpu.isalist" value="amd64"/>
    <property name="sun.jnu.encoding" value="Cp1252"/>
    <property name="java.class.path" value="C:\Users\11903768\OneDrive\Documenten\appDev\projects\Automated_Software_Testing\playwright_introduction\target\test-classes;C:\Users\11903768\OneDrive\Documenten\appDev\projects\Automated_Software_Testing\playwright_introduction\target\classes;C:\Users\11903768\.m2\repository\com\microsoft\playwright\playwright\1.47.0\playwright-1.47.0.jar;C:\Users\11903768\.m2\repository\com\google\code\gson\gson\2.11.0\gson-2.11.0.jar;C:\Users\11903768\.m2\repository\com\google\errorprone\error_prone_annotations\2.27.0\error_prone_annotations-2.27.0.jar;C:\Users\11903768\.m2\repository\org\opentest4j\opentest4j\1.3.0\opentest4j-1.3.0.jar;C:\Users\11903768\.m2\repository\com\microsoft\playwright\driver\1.47.0\driver-1.47.0.jar;C:\Users\11903768\.m2\repository\com\microsoft\playwright\driver-bundle\1.47.0\driver-bundle-1.47.0.jar;C:\Users\11903768\.m2\repository\org\junit\jupiter\junit-jupiter-api\5.11.2\junit-jupiter-api-5.11.2.jar;C:\Users\11903768\.m2\repository\org\junit\platform\junit-platform-commons\1.11.2\junit-platform-commons-1.11.2.jar;C:\Users\11903768\.m2\repository\org\apiguardian\apiguardian-api\1.1.2\apiguardian-api-1.1.2.jar;"/>
    <property name="java.vm.vendor" value="Oracle Corporation"/>
    <property name="sun.arch.data.model" value="64"/>
    <property name="user.variant" value=""/>
    <property name="java.vendor.url" value="https://java.oracle.com/"/>
    <property name="user.timezone" value="Europe/Brussels"/>
    <property name="user.country.format" value="BE"/>
    <property name="os.name" value="Windows 11"/>
    <property name="java.vm.specification.version" value="21"/>
    <property name="sun.java.launcher" value="SUN_STANDARD"/>
    <property name="user.country" value="GB"/>
    <property name="sun.boot.library.path" value="C:\Program Files\Java\jdk-21\bin"/>
    <property name="sun.java.command" value="C:\Users\11903768\AppData\Local\Temp\surefire7679661100970366344\surefirebooter-20241018222547499_3.jar C:\Users\11903768\AppData\Local\Temp\surefire7679661100970366344 2024-10-18T22-25-47_350-jvmRun1 surefire-20241018222547499_1tmp surefire_0-20241018222547499_2tmp"/>
    <property name="jdk.debug" value="release"/>
    <property name="test" value="TestTask3"/>
    <property name="surefire.test.class.path" value="C:\Users\11903768\OneDrive\Documenten\appDev\projects\Automated_Software_Testing\playwright_introduction\target\test-classes;C:\Users\11903768\OneDrive\Documenten\appDev\projects\Automated_Software_Testing\playwright_introduction\target\classes;C:\Users\11903768\.m2\repository\com\microsoft\playwright\playwright\1.47.0\playwright-1.47.0.jar;C:\Users\11903768\.m2\repository\com\google\code\gson\gson\2.11.0\gson-2.11.0.jar;C:\Users\11903768\.m2\repository\com\google\errorprone\error_prone_annotations\2.27.0\error_prone_annotations-2.27.0.jar;C:\Users\11903768\.m2\repository\org\opentest4j\opentest4j\1.3.0\opentest4j-1.3.0.jar;C:\Users\11903768\.m2\repository\com\microsoft\playwright\driver\1.47.0\driver-1.47.0.jar;C:\Users\11903768\.m2\repository\com\microsoft\playwright\driver-bundle\1.47.0\driver-bundle-1.47.0.jar;C:\Users\11903768\.m2\repository\org\junit\jupiter\junit-jupiter-api\5.11.2\junit-jupiter-api-5.11.2.jar;C:\Users\11903768\.m2\repository\org\junit\platform\junit-platform-commons\1.11.2\junit-platform-commons-1.11.2.jar;C:\Users\11903768\.m2\repository\org\apiguardian\apiguardian-api\1.1.2\apiguardian-api-1.1.2.jar;"/>
    <property name="sun.cpu.endian" value="little"/>
    <property name="user.home" value="C:\Users\11903768"/>
    <property name="user.language" value="en"/>
    <property name="java.specification.vendor" value="Oracle Corporation"/>
    <property name="java.version.date" value="2024-01-16"/>
    <property name="java.home" value="C:\Program Files\Java\jdk-21"/>
    <property name="file.separator" value="\"/>
    <property name="basedir" value="C:\Users\11903768\OneDrive\Documenten\appDev\projects\Automated_Software_Testing\playwright_introduction"/>
    <property name="java.vm.compressedOopsMode" value="Zero based"/>
    <property name="line.separator" value="&#10;"/>
    <property name="java.vm.specification.vendor" value="Oracle Corporation"/>
    <property name="java.specification.name" value="Java Platform API Specification"/>
    <property name="surefire.real.class.path" value="C:\Users\11903768\AppData\Local\Temp\surefire7679661100970366344\surefirebooter-20241018222547499_3.jar"/>
    <property name="user.script" value=""/>
    <property name="sun.management.compiler" value="HotSpot 64-Bit Tiered Compilers"/>
    <property name="java.runtime.version" value="21.0.2+13-LTS-58"/>
    <property name="user.name" value="11903768"/>
    <property name="stdout.encoding" value="Cp1252"/>
    <property name="path.separator" value=";"/>
    <property name="os.version" value="10.0"/>
    <property name="java.runtime.name" value="Java(TM) SE Runtime Environment"/>
    <property name="file.encoding" value="UTF-8"/>
    <property name="java.vm.name" value="Java HotSpot(TM) 64-Bit Server VM"/>
    <property name="localRepository" value="C:\Users\11903768\.m2\repository"/>
    <property name="java.vendor.url.bug" value="https://bugreport.java.com/bugreport/"/>
    <property name="java.io.tmpdir" value="C:\Users\11903768\AppData\Local\Temp\"/>
    <property name="java.version" value="21.0.2"/>
    <property name="user.dir" value="C:\Users\11903768\OneDrive\Documenten\appDev\projects\Automated_Software_Testing\playwright_introduction"/>
    <property name="os.arch" value="amd64"/>
    <property name="java.vm.specification.name" value="Java Virtual Machine Specification"/>
    <property name="user.language.format" value="nl"/>
    <property name="sun.os.patch.level" value=""/>
    <property name="native.encoding" value="Cp1252"/>
    <property name="java.library.path" value="C:\Program Files\Java\jdk-21\bin;C:\windows\Sun\Java\bin;C:\windows\system32;C:\windows;C:\oraclexe\app\oracle\product\11.2.0\server\bin;C:\Program Files (x86)\VMware\VMware Player\bin\;C:\Program Files\Common Files\Oracle\Java\javapath;C:\windows\system32;C:\windows;C:\windows\System32\Wbem;C:\windows\System32\WindowsPowerShell\v1.0\;C:\windows\System32\OpenSSH\;C:\Program Files\Microsoft SQL Server\150\Tools\Binn\;C:\Program Files\dotnet\;C:\Program Files\MongoDB\mongosh-2.2.4-win32-x64\bin;C:\Program Files\MongoDB\Server\7.0\bin;C:\Program Files\MongoDB\mongodb-database-tools-windows-x86_64-100.9.4\bin;C:\ProgramData\chocolatey\bin;C:\Program Files\Microsoft SQL Server\Client SDK\ODBC\170\Tools\Binn\;C:\Program Files\nodejs\;C:\Development Tools\jadx-1.4.7\bin\;C:\Development Tools\;C:\Users\11903768\OneDrive\Documenten\appDev\projects\Security_Advanced\TryHackMe\4_Yellow_Room\1_Mobile Security introduction\Development Tools\;C:\Users\11903768\OneDrive\Documenten\appDev\projects\Security_Advanced\TryHackMe\4_Yellow_Room\1_Mobile Security introduction\Development Tools\jadx-1.4.7\bin\;C:\Users\11903768\OneDrive\Documenten\appDev\projects\Security_Advanced\TryHackMe\4_Yellow_Room\1_Mobile Security introduction\Development Tools\dex2jar-2.0;C:\Users\11903768\AppData\Local\Android\Sdk\platform-tools;C:\Users\11903768\AppData\Roaming\Microsoft\Windows\Start Menu\Programs\Python 3.12;C:\Program Files\Git\cmd;C:\Program Files (x86)\Microsoft SQL Server\160\Tools\Binn\;C:\Program Files\Microsoft SQL Server\160\Tools\Binn\;C:\Program Files\Microsoft SQL Server\160\DTS\Binn\;C:\Program Files\PowerShell\7\;C:\Program Files (x86)\Windows Kits\10\Windows Performance Toolkit\;C:\Program Files\Java\jdk-21\bin;C:\Maven\apache-maven-3.9.9\bin;C:\Windows\Microsoft.NET\Framework\v4.0.30319;C:\Program Files\Docker\Docker\resources\bin;C:\Users\11903768\dev\flutter\bin;C:\oraclexe\app\oracle\product\11.2.0\server\bin;C:\Program Files (x86)\VMware\VMware Player\bin\;C:\Program Files\Common Files\Oracle\Java\javapath;C:\windows\system32;C:\windows;C:\windows\System32\Wbem;C:\windows\System32\WindowsPowerShell\v1.0\;C:\windows\System32\OpenSSH\;C:\Program Files\Microsoft SQL Server\150\Tools\Binn\;C:\Program Files\dotnet\;C:\Program Files\MongoDB\mongosh-2.2.4-win32-x64\bin;C:\Program Files\MongoDB\Server\7.0\bin;C:\Program Files\MongoDB\mongodb-database-tools-windows-x86_64-100.9.4\bin;C:\ProgramData\chocolatey\bin;C:\Program Files\Microsoft SQL Server\Client SDK\ODBC\170\Tools\Binn\;C:\Program Files\nodejs\;C:\Development Tools\jadx-1.4.7\bin\;C:\Development Tools\;C:\Users\11903768\OneDrive\Documenten\appDev\projects\Security_Advanced\TryHackMe\4_Yellow_Room\1_Mobile Security introduction\Development Tools\;C:\Users\11903768\OneDrive\Documenten\appDev\projects\Security_Advanced\TryHackMe\4_Yellow_Room\1_Mobile Security introduction\Development Tools\jadx-1.4.7\bin\;C:\Users;C:\Users\11903768\dev\flutter\bin;C:\Users\11903768\dev\project 2019;C:\Project2019;C:\Users\11903768\AppData\Local\Programs\Microsoft VS Code\bin;C:\Users\11903768\.dotnet\tools;;."/>
    <property name="java.vm.info" value="mixed mode, sharing"/>
    <property name="stderr.encoding" value="Cp1252"/>
    <property name="java.vendor" value="Oracle Corporation"/>
    <property name="java.vm.version" value="21.0.2+13-LTS-58"/>
    <property name="sun.io.unicode.encoding" value="UnicodeLittle"/>
    <property name="java.class.version" value="65.0"/>
  </properties>
  <testcase name="basketQuantity" classname="be.pxl.TestTask3" time="30.668">
    <failure message="Test failed due to unexpected exception: Error {&#10;  message=&apos;Timeout 30000ms exceeded.&#10;  name=&apos;TimeoutError&#10;  stack=&apos;TimeoutError: Timeout 30000ms exceeded.&#10;    at ProgressController.run (C:\Users\11903768\AppData\Local\Temp\playwright-java-14192926511285376606\package\lib\server\progress.js:78:26)&#10;    at Frame._callOnElementOnceMatches (C:\Users\11903768\AppData\Local\Temp\playwright-java-14192926511285376606\package\lib\server\frames.js:1464:23)&#10;    at Frame.innerText (C:\Users\11903768\AppData\Local\Temp\playwright-java-14192926511285376606\package\lib\server\frames.js:1083:17)&#10;    at FrameDispatcher.innerText (C:\Users\11903768\AppData\Local\Temp\playwright-java-14192926511285376606\package\lib\server\dispatchers\frameDispatcher.js:185:32)&#10;    at FrameDispatcher._handleCommand (C:\Users\11903768\AppData\Local\Temp\playwright-java-14192926511285376606\package\lib\server\dispatchers\dispatcher.js:94:40)&#10;    at DispatcherConnection.dispatch (C:\Users\11903768\AppData\Local\Temp\playwright-java-14192926511285376606\package\lib\server\dispatchers\dispatcher.js:361:39)&#10;}&#10;Call log:&#10;- waiting for locator(&quot;internal:attr=[data-testid=\&quot;.quantity-dropdown\&quot;]&quot;)&#10;" type="org.opentest4j.AssertionFailedError"><![CDATA[org.opentest4j.AssertionFailedError: 
Test failed due to unexpected exception: Error {
  message='Timeout 30000ms exceeded.
  name='TimeoutError
  stack='TimeoutError: Timeout 30000ms exceeded.
    at ProgressController.run (C:\Users\11903768\AppData\Local\Temp\playwright-java-14192926511285376606\package\lib\server\progress.js:78:26)
    at Frame._callOnElementOnceMatches (C:\Users\11903768\AppData\Local\Temp\playwright-java-14192926511285376606\package\lib\server\frames.js:1464:23)
    at Frame.innerText (C:\Users\11903768\AppData\Local\Temp\playwright-java-14192926511285376606\package\lib\server\frames.js:1083:17)
    at FrameDispatcher.innerText (C:\Users\11903768\AppData\Local\Temp\playwright-java-14192926511285376606\package\lib\server\dispatchers\frameDispatcher.js:185:32)
    at FrameDispatcher._handleCommand (C:\Users\11903768\AppData\Local\Temp\playwright-java-14192926511285376606\package\lib\server\dispatchers\dispatcher.js:94:40)
    at DispatcherConnection.dispatch (C:\Users\11903768\AppData\Local\Temp\playwright-java-14192926511285376606\package\lib\server\dispatchers\dispatcher.js:361:39)
}
Call log:
- waiting for locator("internal:attr=[data-testid=\".quantity-dropdown\"]")

	at org.junit.jupiter.api.AssertionUtils.fail(AssertionUtils.java:38)
	at org.junit.jupiter.api.Assertions.fail(Assertions.java:138)
	at be.pxl.TestTask3.basketQuantity(TestTask3.java:61)
	at java.base/java.lang.reflect.Method.invoke(Method.java:580)
	at java.base/java.util.ArrayList.forEach(ArrayList.java:1596)
	at java.base/java.util.ArrayList.forEach(ArrayList.java:1596)
]]></failure>
  </testcase>
</testsuite>